<?xml version="1.0" encoding="UTF-8"?>
<!-- Generated by org.testng.reporters.JUnitXMLReporter -->
<testsuite ignored="0" hostname="INBOOK_X2_PLUS" failures="0" tests="4" name="Test-2" time="49.804" errors="0" timestamp="2025-02-23T12:23:02 IST">
  <testcase classname="orgTestBatch.CreateOrgTestNew" name="DeleteOrgTest" time="25.421"/>
  <testcase classname="orgTestBatch.CreateOrgTestNew" name="createOrgTest" time="0.001">
    <skipped/>
  </testcase> <!-- createOrgTest -->
  <testcase classname="orgTestBatch.CreateOrgTestNew" name="createOrgTestWithDropdowns" time="0.0">
    <skipped/>
  </testcase> <!-- createOrgTestWithDropdowns -->
  <testcase classname="orgTestBatch.CreateOrgTestNew" name="createOrgTestWithPhNumber" time="0.0">
    <skipped/>
  </testcase> <!-- createOrgTestWithPhNumber -->
</testsuite> <!-- Test-2 -->
