<?xml version="1.0" encoding="UTF-8"?>
<!-- Generated by org.testng.reporters.JUnitReportReporter -->
<testsuite hostname="INBOOK_X2_PLUS" failures="0" tests="1" name="practice.test.InvoiceTest" time="0.008" errors="0" timestamp="2025-02-21T12:39:38 IST" skipped="0">
  <testcase classname="practice.test.InvoiceTest" name="activateSim" time="0.008"/>
</testsuite> <!-- practice.test.InvoiceTest -->
