<?xml version="1.0" encoding="UTF-8"?>
<!-- Generated by org.testng.reporters.JUnitReportReporter -->
<testsuite hostname="INBOOK_X2_PLUS" failures="0" tests="3" name="orgTestBatch.CreateOrgTestUsingPomAndAnnotation" time="45.401" errors="0" timestamp="2025-02-20T10:10:47 IST" skipped="0">
  <testcase classname="orgTestBatch.CreateOrgTestUsingPomAndAnnotation" name="createOrgTestWithDropdowns" time="14.591"/>
  <testcase classname="orgTestBatch.CreateOrgTestUsingPomAndAnnotation" name="DeleteOrgTest" time="17.554"/>
  <testcase classname="orgTestBatch.CreateOrgTestUsingPomAndAnnotation" name="createOrgTestWithPhNumber" time="13.256"/>
</testsuite> <!-- orgTestBatch.CreateOrgTestUsingPomAndAnnotation -->
