<?xml version="1.0" encoding="UTF-8"?>
<!-- Generated by org.testng.reporters.JUnitReportReporter -->
<testsuite hostname="INBOOK_X2_PLUS" failures="0" tests="4" name="com.comcast.crm.orgtest.CreateOrgTestUsingPomAndAnnotation" time="105.150" errors="0" timestamp="2025-02-19T23:40:45 IST" skipped="0">
  <testcase classname="com.comcast.crm.orgtest.CreateOrgTestUsingPomAndAnnotation" name="createOrgTest" time="27.335"/>
  <testcase classname="com.comcast.crm.orgtest.CreateOrgTestUsingPomAndAnnotation" name="createOrgTestWithDropdowns" time="24.364"/>
  <testcase classname="com.comcast.crm.orgtest.CreateOrgTestUsingPomAndAnnotation" name="createOrgTestWithPhNumber" time="23.723"/>
  <testcase classname="com.comcast.crm.orgtest.CreateOrgTestUsingPomAndAnnotation" name="DeleteOrgTest" time="29.728"/>
</testsuite> <!-- com.comcast.crm.orgtest.CreateOrgTestUsingPomAndAnnotation -->
