<?xml version="1.0" encoding="UTF-8"?>
<!-- Generated by org.testng.reporters.JUnitReportReporter -->
<testsuite hostname="INBOOK_X2_PLUS" failures="0" tests="3" name="practice.test.GetProductInfoTest" time="36.683" errors="0" timestamp="2025-02-19T13:12:03 IST" skipped="0">
  <testcase classname="practice.test.GetProductInfoTest" name="getProductInfoTest" time="13.636"/>
  <testcase classname="practice.test.GetProductInfoTest" name="getProductInfoTest" time="14.396"/>
  <testcase classname="practice.test.GetProductInfoTest" name="getProductInfoTest" time="8.651"/>
</testsuite> <!-- practice.test.GetProductInfoTest -->
