<?xml version="1.0" encoding="UTF-8"?>
<!-- Generated by org.testng.reporters.JUnitReportReporter -->
<testsuite hostname="INBOOK_X2_PLUS" failures="0" tests="3" name="com.comcast.crm.contacttest.CreateContactTestUsingPomNew" time="86.480" errors="0" timestamp="2025-02-19T17:38:08 IST" skipped="0">
  <testcase classname="com.comcast.crm.contacttest.CreateContactTestUsingPomNew" name="createContactWithSupportDate" time="23.057"/>
  <testcase classname="com.comcast.crm.contacttest.CreateContactTestUsingPomNew" name="createContactWithOrgTest" time="40.693"/>
  <testcase classname="com.comcast.crm.contacttest.CreateContactTestUsingPomNew" name="createContactTest" time="22.730"/>
</testsuite> <!-- com.comcast.crm.contacttest.CreateContactTestUsingPomNew -->
