<?xml version="1.0" encoding="UTF-8"?>
<!-- Generated by org.testng.reporters.JUnitReportReporter -->
<testsuite hostname="INBOOK_X2_PLUS" failures="0" tests="2" name="contactTestBatch.CreateContactTestUsingPomAndAnnotation" time="34.074" errors="0" timestamp="2025-02-20T10:10:47 IST" skipped="0">
  <testcase classname="contactTestBatch.CreateContactTestUsingPomAndAnnotation" name="createContactWithOrgTest" time="20.658"/>
  <testcase classname="contactTestBatch.CreateContactTestUsingPomAndAnnotation" name="createContactWithSupportDate" time="13.416"/>
</testsuite> <!-- contactTestBatch.CreateContactTestUsingPomAndAnnotation -->
