<?xml version="1.0" encoding="UTF-8"?>
<!-- Generated by org.testng.reporters.JUnitReportReporter -->
<testsuite hostname="INBOOK_X2_PLUS" failures="0" tests="1" name="practice.test.InvoiceTestRetry" time="0.015" errors="0" timestamp="2025-02-24T22:01:51 IST" skipped="0">
  <testcase classname="practice.test.InvoiceTestRetry" name="activateSim" time="0.015"/>
</testsuite> <!-- practice.test.InvoiceTestRetry -->
