<?xml version="1.0" encoding="UTF-8"?>
<!-- Generated by org.testng.reporters.JUnitReportReporter -->
<testsuite hostname="INBOOK_X2_PLUS" failures="0" tests="1" name="contactTestBatch.CreateContactTestNew" time="40.463" errors="0" timestamp="2025-02-24T12:24:17 IST" skipped="0">
  <testcase classname="contactTestBatch.CreateContactTestNew" name="createContactWithOrgTest" time="40.463"/>
</testsuite> <!-- contactTestBatch.CreateContactTestNew -->
